<?xml version="1.0" encoding="UTF-8"?>
<robot generator="Robot 6.1.1 (Python 3.10.12 on linux)" generated="20231119 22:46:35.131" rpa="false" schemaversion="4">
<suite id="s1" name="Tests" source="/home/jasplaur/Documents/ohtu/palautusrepositorio/viikko3/web-login/src/tests">
<suite id="s1-s1" name="Home" source="/home/jasplaur/Documents/ohtu/palautusrepositorio/viikko3/web-login/src/tests/home.robot">
<kw name="Open And Configure Browser" library="resource" type="SETUP">
<kw name="Evaluate" library="BuiltIn">
<var>${options}</var>
<arg>sys.modules['selenium.webdriver'].ChromeOptions()</arg>
<arg>sys</arg>
<doc>Evaluates the given expression in Python and returns the result.</doc>
<msg timestamp="20231119 22:46:35.259" level="INFO">${options} = &lt;selenium.webdriver.chrome.options.Options object at 0x7f34684115a0&gt;</msg>
<status status="PASS" starttime="20231119 22:46:35.259" endtime="20231119 22:46:35.259"/>
</kw>
<kw name="Call Method" library="BuiltIn">
<arg>${options}</arg>
<arg>add_argument</arg>
<arg>--no-sandbox</arg>
<doc>Calls the named method of the given object with the provided arguments.</doc>
<status status="PASS" starttime="20231119 22:46:35.259" endtime="20231119 22:46:35.259"/>
</kw>
<kw name="Call Method" library="BuiltIn">
<arg>${options}</arg>
<arg>add_argument</arg>
<arg>--headless</arg>
<doc>Calls the named method of the given object with the provided arguments.</doc>
<status status="PASS" starttime="20231119 22:46:35.259" endtime="20231119 22:46:35.259"/>
</kw>
<kw name="Open Browser" library="SeleniumLibrary">
<arg>browser=chrome</arg>
<arg>options=${options}</arg>
<doc>Opens a new browser instance to the optional ``url``.</doc>
<msg timestamp="20231119 22:46:35.260" level="INFO">Opening browser 'chrome' to base url 'None'.</msg>
<status status="PASS" starttime="20231119 22:46:35.259" endtime="20231119 22:46:35.931"/>
</kw>
<kw name="Set Selenium Speed" library="SeleniumLibrary">
<arg>${DELAY}</arg>
<doc>Sets the delay that is waited after each Selenium command.</doc>
<status status="PASS" starttime="20231119 22:46:35.931" endtime="20231119 22:46:35.931"/>
</kw>
<status status="PASS" starttime="20231119 22:46:35.259" endtime="20231119 22:46:35.932"/>
</kw>
<test id="s1-s1-t1" name="Click Login Link" line="8">
<kw name="Go To Starting Page" library="resource" type="SETUP">
<kw name="Go To" library="SeleniumLibrary">
<arg>${HOME_URL}</arg>
<doc>Navigates the current browser window to the provided ``url``.</doc>
<msg timestamp="20231119 22:46:35.932" level="INFO">Opening url 'http://localhost:5001'</msg>
<status status="PASS" starttime="20231119 22:46:35.932" endtime="20231119 22:46:35.961"/>
</kw>
<status status="PASS" starttime="20231119 22:46:35.932" endtime="20231119 22:46:35.961"/>
</kw>
<kw name="Click Link" library="SeleniumLibrary">
<arg>Login</arg>
<doc>Clicks a link identified by ``locator``.</doc>
<msg timestamp="20231119 22:46:35.962" level="INFO">Clicking link 'Login'.</msg>
<status status="PASS" starttime="20231119 22:46:35.961" endtime="20231119 22:46:36.005"/>
</kw>
<kw name="Login Page Should Be Open" library="resource">
<kw name="Title Should Be" library="SeleniumLibrary">
<arg>Login</arg>
<doc>Verifies that the current page title equals ``title``.</doc>
<msg timestamp="20231119 22:46:36.008" level="INFO">Page title is 'Login'.</msg>
<status status="PASS" starttime="20231119 22:46:36.005" endtime="20231119 22:46:36.008"/>
</kw>
<status status="PASS" starttime="20231119 22:46:36.005" endtime="20231119 22:46:36.008"/>
</kw>
<status status="PASS" starttime="20231119 22:46:35.932" endtime="20231119 22:46:36.008"/>
</test>
<test id="s1-s1-t2" name="Click Register Link" line="12">
<kw name="Go To Starting Page" library="resource" type="SETUP">
<kw name="Go To" library="SeleniumLibrary">
<arg>${HOME_URL}</arg>
<doc>Navigates the current browser window to the provided ``url``.</doc>
<msg timestamp="20231119 22:46:36.009" level="INFO">Opening url 'http://localhost:5001'</msg>
<status status="PASS" starttime="20231119 22:46:36.009" endtime="20231119 22:46:36.016"/>
</kw>
<status status="PASS" starttime="20231119 22:46:36.009" endtime="20231119 22:46:36.016"/>
</kw>
<kw name="Click Link" library="SeleniumLibrary">
<arg>Register new user</arg>
<doc>Clicks a link identified by ``locator``.</doc>
<msg timestamp="20231119 22:46:36.017" level="INFO">Clicking link 'Register new user'.</msg>
<status status="PASS" starttime="20231119 22:46:36.016" endtime="20231119 22:46:36.057"/>
</kw>
<kw name="Register Page Should Be Open" library="resource">
<kw name="Title Should Be" library="SeleniumLibrary">
<arg>Register</arg>
<doc>Verifies that the current page title equals ``title``.</doc>
<msg timestamp="20231119 22:46:36.060" level="INFO">Page title is 'Register'.</msg>
<status status="PASS" starttime="20231119 22:46:36.058" endtime="20231119 22:46:36.060"/>
</kw>
<status status="PASS" starttime="20231119 22:46:36.057" endtime="20231119 22:46:36.060"/>
</kw>
<status status="PASS" starttime="20231119 22:46:36.009" endtime="20231119 22:46:36.060"/>
</test>
<kw name="Close Browser" library="SeleniumLibrary" type="TEARDOWN">
<doc>Closes the current browser.</doc>
<status status="PASS" starttime="20231119 22:46:36.061" endtime="20231119 22:46:36.117"/>
</kw>
<status status="PASS" starttime="20231119 22:46:35.142" endtime="20231119 22:46:36.117"/>
</suite>
<suite id="s1-s2" name="Login" source="/home/jasplaur/Documents/ohtu/palautusrepositorio/viikko3/web-login/src/tests/login.robot">
<kw name="Open And Configure Browser" library="resource" type="SETUP">
<kw name="Evaluate" library="BuiltIn">
<var>${options}</var>
<arg>sys.modules['selenium.webdriver'].ChromeOptions()</arg>
<arg>sys</arg>
<doc>Evaluates the given expression in Python and returns the result.</doc>
<msg timestamp="20231119 22:46:36.123" level="INFO">${options} = &lt;selenium.webdriver.chrome.options.Options object at 0x7f34681690f0&gt;</msg>
<status status="PASS" starttime="20231119 22:46:36.122" endtime="20231119 22:46:36.123"/>
</kw>
<kw name="Call Method" library="BuiltIn">
<arg>${options}</arg>
<arg>add_argument</arg>
<arg>--no-sandbox</arg>
<doc>Calls the named method of the given object with the provided arguments.</doc>
<status status="PASS" starttime="20231119 22:46:36.123" endtime="20231119 22:46:36.123"/>
</kw>
<kw name="Call Method" library="BuiltIn">
<arg>${options}</arg>
<arg>add_argument</arg>
<arg>--headless</arg>
<doc>Calls the named method of the given object with the provided arguments.</doc>
<status status="PASS" starttime="20231119 22:46:36.123" endtime="20231119 22:46:36.123"/>
</kw>
<kw name="Open Browser" library="SeleniumLibrary">
<arg>browser=chrome</arg>
<arg>options=${options}</arg>
<doc>Opens a new browser instance to the optional ``url``.</doc>
<msg timestamp="20231119 22:46:36.124" level="INFO">Opening browser 'chrome' to base url 'None'.</msg>
<status status="PASS" starttime="20231119 22:46:36.123" endtime="20231119 22:46:36.802"/>
</kw>
<kw name="Set Selenium Speed" library="SeleniumLibrary">
<arg>${DELAY}</arg>
<doc>Sets the delay that is waited after each Selenium command.</doc>
<status status="PASS" starttime="20231119 22:46:36.802" endtime="20231119 22:46:36.802"/>
</kw>
<status status="PASS" starttime="20231119 22:46:36.122" endtime="20231119 22:46:36.803"/>
</kw>
<test id="s1-s2-t1" name="Login With Correct Credentials" line="8">
<kw name="Create User And Go To Login Page" type="SETUP">
<kw name="Create User" library="AppLibrary">
<arg>kalle</arg>
<arg>kalle123</arg>
<status status="PASS" starttime="20231119 22:46:36.803" endtime="20231119 22:46:36.810"/>
</kw>
<kw name="Go To Login Page" library="resource">
<kw name="Go To" library="SeleniumLibrary">
<arg>${LOGIN_URL}</arg>
<doc>Navigates the current browser window to the provided ``url``.</doc>
<msg timestamp="20231119 22:46:36.811" level="INFO">Opening url 'http://localhost:5001/login'</msg>
<status status="PASS" starttime="20231119 22:46:36.810" endtime="20231119 22:46:36.840"/>
</kw>
<status status="PASS" starttime="20231119 22:46:36.810" endtime="20231119 22:46:36.840"/>
</kw>
<kw name="Login Page Should Be Open" library="resource">
<kw name="Title Should Be" library="SeleniumLibrary">
<arg>Login</arg>
<doc>Verifies that the current page title equals ``title``.</doc>
<msg timestamp="20231119 22:46:36.843" level="INFO">Page title is 'Login'.</msg>
<status status="PASS" starttime="20231119 22:46:36.840" endtime="20231119 22:46:36.843"/>
</kw>
<status status="PASS" starttime="20231119 22:46:36.840" endtime="20231119 22:46:36.844"/>
</kw>
<status status="PASS" starttime="20231119 22:46:36.803" endtime="20231119 22:46:36.844"/>
</kw>
<kw name="Set Username">
<arg>kalle</arg>
<kw name="Input Text" library="SeleniumLibrary">
<arg>username</arg>
<arg>${username}</arg>
<doc>Types the given ``text`` into the text field identified by ``locator``.</doc>
<msg timestamp="20231119 22:46:36.844" level="INFO">Typing text 'kalle' into text field 'username'.</msg>
<status status="PASS" starttime="20231119 22:46:36.844" endtime="20231119 22:46:36.901"/>
</kw>
<status status="PASS" starttime="20231119 22:46:36.844" endtime="20231119 22:46:36.901"/>
</kw>
<kw name="Set Password">
<arg>kalle123</arg>
<kw name="Input Password" library="SeleniumLibrary">
<arg>password</arg>
<arg>${password}</arg>
<doc>Types the given password into the text field identified by ``locator``.</doc>
<msg timestamp="20231119 22:46:36.902" level="INFO">Typing password into text field 'password'.</msg>
<msg timestamp="20231119 22:46:36.921" level="INFO">Temporally setting log level to: NONE</msg>
<msg timestamp="20231119 22:46:36.944" level="INFO">Log level changed from NONE to INFO.</msg>
<status status="PASS" starttime="20231119 22:46:36.902" endtime="20231119 22:46:36.944"/>
</kw>
<status status="PASS" starttime="20231119 22:46:36.901" endtime="20231119 22:46:36.944"/>
</kw>
<kw name="Submit Credentials">
<kw name="Click Button" library="SeleniumLibrary">
<arg>Login</arg>
<doc>Clicks the button identified by ``locator``.</doc>
<msg timestamp="20231119 22:46:36.945" level="INFO">Clicking button 'Login'.</msg>
<status status="PASS" starttime="20231119 22:46:36.945" endtime="20231119 22:46:36.989"/>
</kw>
<status status="PASS" starttime="20231119 22:46:36.944" endtime="20231119 22:46:36.989"/>
</kw>
<kw name="Login Should Succeed">
<kw name="Main Page Should Be Open" library="resource">
<kw name="Title Should Be" library="SeleniumLibrary">
<arg>Ohtu Application main page</arg>
<doc>Verifies that the current page title equals ``title``.</doc>
<msg timestamp="20231119 22:46:36.992" level="INFO">Page title is 'Ohtu Application main page'.</msg>
<status status="PASS" starttime="20231119 22:46:36.990" endtime="20231119 22:46:36.992"/>
</kw>
<status status="PASS" starttime="20231119 22:46:36.989" endtime="20231119 22:46:36.992"/>
</kw>
<status status="PASS" starttime="20231119 22:46:36.989" endtime="20231119 22:46:36.992"/>
</kw>
<status status="PASS" starttime="20231119 22:46:36.803" endtime="20231119 22:46:36.992"/>
</test>
<test id="s1-s2-t2" name="Login With Incorrect Password" line="14">
<kw name="Create User And Go To Login Page" type="SETUP">
<kw name="Create User" library="AppLibrary">
<arg>kalle</arg>
<arg>kalle123</arg>
<status status="PASS" starttime="20231119 22:46:36.993" endtime="20231119 22:46:36.998"/>
</kw>
<kw name="Go To Login Page" library="resource">
<kw name="Go To" library="SeleniumLibrary">
<arg>${LOGIN_URL}</arg>
<doc>Navigates the current browser window to the provided ``url``.</doc>
<msg timestamp="20231119 22:46:36.998" level="INFO">Opening url 'http://localhost:5001/login'</msg>
<status status="PASS" starttime="20231119 22:46:36.998" endtime="20231119 22:46:37.007"/>
</kw>
<status status="PASS" starttime="20231119 22:46:36.998" endtime="20231119 22:46:37.007"/>
</kw>
<kw name="Login Page Should Be Open" library="resource">
<kw name="Title Should Be" library="SeleniumLibrary">
<arg>Login</arg>
<doc>Verifies that the current page title equals ``title``.</doc>
<msg timestamp="20231119 22:46:37.010" level="INFO">Page title is 'Login'.</msg>
<status status="PASS" starttime="20231119 22:46:37.007" endtime="20231119 22:46:37.010"/>
</kw>
<status status="PASS" starttime="20231119 22:46:37.007" endtime="20231119 22:46:37.010"/>
</kw>
<status status="PASS" starttime="20231119 22:46:36.992" endtime="20231119 22:46:37.010"/>
</kw>
<kw name="Set Username">
<arg>kalle</arg>
<kw name="Input Text" library="SeleniumLibrary">
<arg>username</arg>
<arg>${username}</arg>
<doc>Types the given ``text`` into the text field identified by ``locator``.</doc>
<msg timestamp="20231119 22:46:37.011" level="INFO">Typing text 'kalle' into text field 'username'.</msg>
<status status="PASS" starttime="20231119 22:46:37.010" endtime="20231119 22:46:37.051"/>
</kw>
<status status="PASS" starttime="20231119 22:46:37.010" endtime="20231119 22:46:37.051"/>
</kw>
<kw name="Set Password">
<arg>kalle456</arg>
<kw name="Input Password" library="SeleniumLibrary">
<arg>password</arg>
<arg>${password}</arg>
<doc>Types the given password into the text field identified by ``locator``.</doc>
<msg timestamp="20231119 22:46:37.052" level="INFO">Typing password into text field 'password'.</msg>
<msg timestamp="20231119 22:46:37.072" level="INFO">Temporally setting log level to: NONE</msg>
<msg timestamp="20231119 22:46:37.091" level="INFO">Log level changed from NONE to INFO.</msg>
<status status="PASS" starttime="20231119 22:46:37.052" endtime="20231119 22:46:37.091"/>
</kw>
<status status="PASS" starttime="20231119 22:46:37.051" endtime="20231119 22:46:37.091"/>
</kw>
<kw name="Submit Credentials">
<kw name="Click Button" library="SeleniumLibrary">
<arg>Login</arg>
<doc>Clicks the button identified by ``locator``.</doc>
<msg timestamp="20231119 22:46:37.092" level="INFO">Clicking button 'Login'.</msg>
<status status="PASS" starttime="20231119 22:46:37.091" endtime="20231119 22:46:37.126"/>
</kw>
<status status="PASS" starttime="20231119 22:46:37.091" endtime="20231119 22:46:37.126"/>
</kw>
<kw name="Login Should Fail With Message">
<arg>Invalid username or password</arg>
<kw name="Login Page Should Be Open" library="resource">
<kw name="Title Should Be" library="SeleniumLibrary">
<arg>Login</arg>
<doc>Verifies that the current page title equals ``title``.</doc>
<msg timestamp="20231119 22:46:37.129" level="INFO">Page title is 'Login'.</msg>
<status status="PASS" starttime="20231119 22:46:37.127" endtime="20231119 22:46:37.129"/>
</kw>
<status status="PASS" starttime="20231119 22:46:37.127" endtime="20231119 22:46:37.129"/>
</kw>
<kw name="Page Should Contain" library="SeleniumLibrary">
<arg>${message}</arg>
<doc>Verifies that current page contains ``text``.</doc>
<msg timestamp="20231119 22:46:37.138" level="INFO">Current page contains text 'Invalid username or password'.</msg>
<status status="PASS" starttime="20231119 22:46:37.129" endtime="20231119 22:46:37.138"/>
</kw>
<status status="PASS" starttime="20231119 22:46:37.127" endtime="20231119 22:46:37.138"/>
</kw>
<status status="PASS" starttime="20231119 22:46:36.992" endtime="20231119 22:46:37.138"/>
</test>
<kw name="Close Browser" library="SeleniumLibrary" type="TEARDOWN">
<doc>Closes the current browser.</doc>
<status status="PASS" starttime="20231119 22:46:37.138" endtime="20231119 22:46:37.198"/>
</kw>
<status status="PASS" starttime="20231119 22:46:36.118" endtime="20231119 22:46:37.198"/>
</suite>
<suite id="s1-s3" name="Register" source="/home/jasplaur/Documents/ohtu/palautusrepositorio/viikko3/web-login/src/tests/register.robot">
<kw name="Open And Configure Browser" library="resource" type="SETUP">
<kw name="Evaluate" library="BuiltIn">
<var>${options}</var>
<arg>sys.modules['selenium.webdriver'].ChromeOptions()</arg>
<arg>sys</arg>
<doc>Evaluates the given expression in Python and returns the result.</doc>
<msg timestamp="20231119 22:46:37.207" level="INFO">${options} = &lt;selenium.webdriver.chrome.options.Options object at 0x7f346816b940&gt;</msg>
<status status="PASS" starttime="20231119 22:46:37.206" endtime="20231119 22:46:37.207"/>
</kw>
<kw name="Call Method" library="BuiltIn">
<arg>${options}</arg>
<arg>add_argument</arg>
<arg>--no-sandbox</arg>
<doc>Calls the named method of the given object with the provided arguments.</doc>
<status status="PASS" starttime="20231119 22:46:37.207" endtime="20231119 22:46:37.207"/>
</kw>
<kw name="Call Method" library="BuiltIn">
<arg>${options}</arg>
<arg>add_argument</arg>
<arg>--headless</arg>
<doc>Calls the named method of the given object with the provided arguments.</doc>
<status status="PASS" starttime="20231119 22:46:37.207" endtime="20231119 22:46:37.208"/>
</kw>
<kw name="Open Browser" library="SeleniumLibrary">
<arg>browser=chrome</arg>
<arg>options=${options}</arg>
<doc>Opens a new browser instance to the optional ``url``.</doc>
<msg timestamp="20231119 22:46:37.209" level="INFO">Opening browser 'chrome' to base url 'None'.</msg>
<status status="PASS" starttime="20231119 22:46:37.208" endtime="20231119 22:46:37.883"/>
</kw>
<kw name="Set Selenium Speed" library="SeleniumLibrary">
<arg>${DELAY}</arg>
<doc>Sets the delay that is waited after each Selenium command.</doc>
<status status="PASS" starttime="20231119 22:46:37.884" endtime="20231119 22:46:37.884"/>
</kw>
<status status="PASS" starttime="20231119 22:46:37.206" endtime="20231119 22:46:37.884"/>
</kw>
<test id="s1-s3-t1" name="Register With Valid Username And Password" line="8">
<kw name="Go To Register Page" library="resource" type="SETUP">
<kw name="Go To" library="SeleniumLibrary">
<arg>${REGISTER_URL}</arg>
<doc>Navigates the current browser window to the provided ``url``.</doc>
<msg timestamp="20231119 22:46:37.884" level="INFO">Opening url 'http://localhost:5001/register'</msg>
<status status="PASS" starttime="20231119 22:46:37.884" endtime="20231119 22:46:37.914"/>
</kw>
<status status="PASS" starttime="20231119 22:46:37.884" endtime="20231119 22:46:37.914"/>
</kw>
<kw name="Set Username">
<arg>balle</arg>
<kw name="Input Text" library="SeleniumLibrary">
<arg>username</arg>
<arg>${username}</arg>
<doc>Types the given ``text`` into the text field identified by ``locator``.</doc>
<msg timestamp="20231119 22:46:37.915" level="INFO">Typing text 'balle' into text field 'username'.</msg>
<status status="PASS" starttime="20231119 22:46:37.915" endtime="20231119 22:46:37.973"/>
</kw>
<status status="PASS" starttime="20231119 22:46:37.914" endtime="20231119 22:46:37.973"/>
</kw>
<kw name="Set Password">
<arg>balle123</arg>
<kw name="Input Password" library="SeleniumLibrary">
<arg>password</arg>
<arg>${password}</arg>
<doc>Types the given password into the text field identified by ``locator``.</doc>
<msg timestamp="20231119 22:46:37.974" level="INFO">Typing password into text field 'password'.</msg>
<msg timestamp="20231119 22:46:37.995" level="INFO">Temporally setting log level to: NONE</msg>
<msg timestamp="20231119 22:46:38.016" level="INFO">Log level changed from NONE to INFO.</msg>
<status status="PASS" starttime="20231119 22:46:37.974" endtime="20231119 22:46:38.016"/>
</kw>
<status status="PASS" starttime="20231119 22:46:37.973" endtime="20231119 22:46:38.016"/>
</kw>
<kw name="Set Password confirmation">
<arg>balle123</arg>
<kw name="Input Password" library="SeleniumLibrary">
<arg>password_confirmation</arg>
<arg>${password confirmation}</arg>
<doc>Types the given password into the text field identified by ``locator``.</doc>
<msg timestamp="20231119 22:46:38.017" level="INFO">Typing password into text field 'password_confirmation'.</msg>
<msg timestamp="20231119 22:46:38.037" level="INFO">Temporally setting log level to: NONE</msg>
<msg timestamp="20231119 22:46:38.056" level="INFO">Log level changed from NONE to INFO.</msg>
<status status="PASS" starttime="20231119 22:46:38.017" endtime="20231119 22:46:38.057"/>
</kw>
<status status="PASS" starttime="20231119 22:46:38.016" endtime="20231119 22:46:38.057"/>
</kw>
<kw name="Submit Credentials">
<kw name="Click Button" library="SeleniumLibrary">
<arg>Register</arg>
<doc>Clicks the button identified by ``locator``.</doc>
<msg timestamp="20231119 22:46:38.057" level="INFO">Clicking button 'Register'.</msg>
<status status="PASS" starttime="20231119 22:46:38.057" endtime="20231119 22:46:38.100"/>
</kw>
<status status="PASS" starttime="20231119 22:46:38.057" endtime="20231119 22:46:38.100"/>
</kw>
<kw name="Register Should Succeed">
<kw name="Welcome Page Should Be Open" library="resource">
<kw name="Title Should Be" library="SeleniumLibrary">
<arg>Welcome to Ohtu Application!</arg>
<doc>Verifies that the current page title equals ``title``.</doc>
<msg timestamp="20231119 22:46:38.104" level="INFO">Page title is 'Welcome to Ohtu Application!'.</msg>
<status status="PASS" starttime="20231119 22:46:38.101" endtime="20231119 22:46:38.104"/>
</kw>
<status status="PASS" starttime="20231119 22:46:38.100" endtime="20231119 22:46:38.104"/>
</kw>
<status status="PASS" starttime="20231119 22:46:38.100" endtime="20231119 22:46:38.104"/>
</kw>
<status status="PASS" starttime="20231119 22:46:37.884" endtime="20231119 22:46:38.104"/>
</test>
<test id="s1-s3-t2" name="Register With Too Short Username And Valid Password" line="15">
<kw name="Go To Register Page" library="resource" type="SETUP">
<kw name="Go To" library="SeleniumLibrary">
<arg>${REGISTER_URL}</arg>
<doc>Navigates the current browser window to the provided ``url``.</doc>
<msg timestamp="20231119 22:46:38.105" level="INFO">Opening url 'http://localhost:5001/register'</msg>
<status status="PASS" starttime="20231119 22:46:38.105" endtime="20231119 22:46:38.113"/>
</kw>
<status status="PASS" starttime="20231119 22:46:38.105" endtime="20231119 22:46:38.113"/>
</kw>
<kw name="Set Username">
<arg>b</arg>
<kw name="Input Text" library="SeleniumLibrary">
<arg>username</arg>
<arg>${username}</arg>
<doc>Types the given ``text`` into the text field identified by ``locator``.</doc>
<msg timestamp="20231119 22:46:38.114" level="INFO">Typing text 'b' into text field 'username'.</msg>
<status status="PASS" starttime="20231119 22:46:38.113" endtime="20231119 22:46:38.153"/>
</kw>
<status status="PASS" starttime="20231119 22:46:38.113" endtime="20231119 22:46:38.154"/>
</kw>
<kw name="Set Password">
<arg>balle123</arg>
<kw name="Input Password" library="SeleniumLibrary">
<arg>password</arg>
<arg>${password}</arg>
<doc>Types the given password into the text field identified by ``locator``.</doc>
<msg timestamp="20231119 22:46:38.154" level="INFO">Typing password into text field 'password'.</msg>
<msg timestamp="20231119 22:46:38.171" level="INFO">Temporally setting log level to: NONE</msg>
<msg timestamp="20231119 22:46:38.192" level="INFO">Log level changed from NONE to INFO.</msg>
<status status="PASS" starttime="20231119 22:46:38.154" endtime="20231119 22:46:38.192"/>
</kw>
<status status="PASS" starttime="20231119 22:46:38.154" endtime="20231119 22:46:38.192"/>
</kw>
<kw name="Set Password confirmation">
<arg>balle123</arg>
<kw name="Input Password" library="SeleniumLibrary">
<arg>password_confirmation</arg>
<arg>${password confirmation}</arg>
<doc>Types the given password into the text field identified by ``locator``.</doc>
<msg timestamp="20231119 22:46:38.192" level="INFO">Typing password into text field 'password_confirmation'.</msg>
<msg timestamp="20231119 22:46:38.210" level="INFO">Temporally setting log level to: NONE</msg>
<msg timestamp="20231119 22:46:38.231" level="INFO">Log level changed from NONE to INFO.</msg>
<status status="PASS" starttime="20231119 22:46:38.192" endtime="20231119 22:46:38.231"/>
</kw>
<status status="PASS" starttime="20231119 22:46:38.192" endtime="20231119 22:46:38.231"/>
</kw>
<kw name="Submit Credentials">
<kw name="Click Button" library="SeleniumLibrary">
<arg>Register</arg>
<doc>Clicks the button identified by ``locator``.</doc>
<msg timestamp="20231119 22:46:38.232" level="INFO">Clicking button 'Register'.</msg>
<status status="PASS" starttime="20231119 22:46:38.231" endtime="20231119 22:46:38.265"/>
</kw>
<status status="PASS" starttime="20231119 22:46:38.231" endtime="20231119 22:46:38.265"/>
</kw>
<kw name="Register Should Fail With Message">
<arg>Username shorter than 3</arg>
<kw name="Register Page Should Be Open" library="resource">
<kw name="Title Should Be" library="SeleniumLibrary">
<arg>Register</arg>
<doc>Verifies that the current page title equals ``title``.</doc>
<msg timestamp="20231119 22:46:38.269" level="INFO">Page title is 'Register'.</msg>
<status status="PASS" starttime="20231119 22:46:38.266" endtime="20231119 22:46:38.269"/>
</kw>
<status status="PASS" starttime="20231119 22:46:38.266" endtime="20231119 22:46:38.270"/>
</kw>
<kw name="Page Should Contain" library="SeleniumLibrary">
<arg>${message}</arg>
<doc>Verifies that current page contains ``text``.</doc>
<msg timestamp="20231119 22:46:38.278" level="INFO">Current page contains text 'Username shorter than 3'.</msg>
<status status="PASS" starttime="20231119 22:46:38.270" endtime="20231119 22:46:38.278"/>
</kw>
<status status="PASS" starttime="20231119 22:46:38.265" endtime="20231119 22:46:38.278"/>
</kw>
<status status="PASS" starttime="20231119 22:46:38.105" endtime="20231119 22:46:38.278"/>
</test>
<test id="s1-s3-t3" name="Register With Valid Username And Invalid Password" line="22">
<kw name="Go To Register Page" library="resource" type="SETUP">
<kw name="Go To" library="SeleniumLibrary">
<arg>${REGISTER_URL}</arg>
<doc>Navigates the current browser window to the provided ``url``.</doc>
<msg timestamp="20231119 22:46:38.279" level="INFO">Opening url 'http://localhost:5001/register'</msg>
<status status="PASS" starttime="20231119 22:46:38.279" endtime="20231119 22:46:38.287"/>
</kw>
<status status="PASS" starttime="20231119 22:46:38.279" endtime="20231119 22:46:38.287"/>
</kw>
<kw name="Set Username">
<arg>baller</arg>
<kw name="Input Text" library="SeleniumLibrary">
<arg>username</arg>
<arg>${username}</arg>
<doc>Types the given ``text`` into the text field identified by ``locator``.</doc>
<msg timestamp="20231119 22:46:38.288" level="INFO">Typing text 'baller' into text field 'username'.</msg>
<status status="PASS" starttime="20231119 22:46:38.288" endtime="20231119 22:46:38.328"/>
</kw>
<status status="PASS" starttime="20231119 22:46:38.288" endtime="20231119 22:46:38.328"/>
</kw>
<kw name="Set Password">
<arg>ballermoves</arg>
<kw name="Input Password" library="SeleniumLibrary">
<arg>password</arg>
<arg>${password}</arg>
<doc>Types the given password into the text field identified by ``locator``.</doc>
<msg timestamp="20231119 22:46:38.329" level="INFO">Typing password into text field 'password'.</msg>
<msg timestamp="20231119 22:46:38.347" level="INFO">Temporally setting log level to: NONE</msg>
<msg timestamp="20231119 22:46:38.368" level="INFO">Log level changed from NONE to INFO.</msg>
<status status="PASS" starttime="20231119 22:46:38.329" endtime="20231119 22:46:38.369"/>
</kw>
<status status="PASS" starttime="20231119 22:46:38.328" endtime="20231119 22:46:38.369"/>
</kw>
<kw name="Set Password confirmation">
<arg>ballermoves</arg>
<kw name="Input Password" library="SeleniumLibrary">
<arg>password_confirmation</arg>
<arg>${password confirmation}</arg>
<doc>Types the given password into the text field identified by ``locator``.</doc>
<msg timestamp="20231119 22:46:38.370" level="INFO">Typing password into text field 'password_confirmation'.</msg>
<msg timestamp="20231119 22:46:38.388" level="INFO">Temporally setting log level to: NONE</msg>
<msg timestamp="20231119 22:46:38.408" level="INFO">Log level changed from NONE to INFO.</msg>
<status status="PASS" starttime="20231119 22:46:38.369" endtime="20231119 22:46:38.408"/>
</kw>
<status status="PASS" starttime="20231119 22:46:38.369" endtime="20231119 22:46:38.408"/>
</kw>
<kw name="Submit Credentials">
<kw name="Click Button" library="SeleniumLibrary">
<arg>Register</arg>
<doc>Clicks the button identified by ``locator``.</doc>
<msg timestamp="20231119 22:46:38.409" level="INFO">Clicking button 'Register'.</msg>
<status status="PASS" starttime="20231119 22:46:38.409" endtime="20231119 22:46:38.443"/>
</kw>
<status status="PASS" starttime="20231119 22:46:38.409" endtime="20231119 22:46:38.443"/>
</kw>
<kw name="Register Should Fail With Message">
<arg>Password consists of only letters</arg>
<kw name="Register Page Should Be Open" library="resource">
<kw name="Title Should Be" library="SeleniumLibrary">
<arg>Register</arg>
<doc>Verifies that the current page title equals ``title``.</doc>
<msg timestamp="20231119 22:46:38.446" level="INFO">Page title is 'Register'.</msg>
<status status="PASS" starttime="20231119 22:46:38.444" endtime="20231119 22:46:38.446"/>
</kw>
<status status="PASS" starttime="20231119 22:46:38.443" endtime="20231119 22:46:38.446"/>
</kw>
<kw name="Page Should Contain" library="SeleniumLibrary">
<arg>${message}</arg>
<doc>Verifies that current page contains ``text``.</doc>
<msg timestamp="20231119 22:46:38.455" level="INFO">Current page contains text 'Password consists of only letters'.</msg>
<status status="PASS" starttime="20231119 22:46:38.446" endtime="20231119 22:46:38.455"/>
</kw>
<status status="PASS" starttime="20231119 22:46:38.443" endtime="20231119 22:46:38.455"/>
</kw>
<status status="PASS" starttime="20231119 22:46:38.279" endtime="20231119 22:46:38.455"/>
</test>
<test id="s1-s3-t4" name="Register With Nonmatching Password And Password Confirmation" line="29">
<kw name="Go To Register Page" library="resource" type="SETUP">
<kw name="Go To" library="SeleniumLibrary">
<arg>${REGISTER_URL}</arg>
<doc>Navigates the current browser window to the provided ``url``.</doc>
<msg timestamp="20231119 22:46:38.457" level="INFO">Opening url 'http://localhost:5001/register'</msg>
<status status="PASS" starttime="20231119 22:46:38.457" endtime="20231119 22:46:38.465"/>
</kw>
<status status="PASS" starttime="20231119 22:46:38.456" endtime="20231119 22:46:38.465"/>
</kw>
<kw name="Set Username">
<arg>baller</arg>
<kw name="Input Text" library="SeleniumLibrary">
<arg>username</arg>
<arg>${username}</arg>
<doc>Types the given ``text`` into the text field identified by ``locator``.</doc>
<msg timestamp="20231119 22:46:38.466" level="INFO">Typing text 'baller' into text field 'username'.</msg>
<status status="PASS" starttime="20231119 22:46:38.466" endtime="20231119 22:46:38.506"/>
</kw>
<status status="PASS" starttime="20231119 22:46:38.465" endtime="20231119 22:46:38.506"/>
</kw>
<kw name="Set Password">
<arg>ballermoves123</arg>
<kw name="Input Password" library="SeleniumLibrary">
<arg>password</arg>
<arg>${password}</arg>
<doc>Types the given password into the text field identified by ``locator``.</doc>
<msg timestamp="20231119 22:46:38.507" level="INFO">Typing password into text field 'password'.</msg>
<msg timestamp="20231119 22:46:38.525" level="INFO">Temporally setting log level to: NONE</msg>
<msg timestamp="20231119 22:46:38.547" level="INFO">Log level changed from NONE to INFO.</msg>
<status status="PASS" starttime="20231119 22:46:38.507" endtime="20231119 22:46:38.547"/>
</kw>
<status status="PASS" starttime="20231119 22:46:38.506" endtime="20231119 22:46:38.547"/>
</kw>
<kw name="Set Password confirmation">
<arg>ballermoves12</arg>
<kw name="Input Password" library="SeleniumLibrary">
<arg>password_confirmation</arg>
<arg>${password confirmation}</arg>
<doc>Types the given password into the text field identified by ``locator``.</doc>
<msg timestamp="20231119 22:46:38.548" level="INFO">Typing password into text field 'password_confirmation'.</msg>
<msg timestamp="20231119 22:46:38.566" level="INFO">Temporally setting log level to: NONE</msg>
<msg timestamp="20231119 22:46:38.589" level="INFO">Log level changed from NONE to INFO.</msg>
<status status="PASS" starttime="20231119 22:46:38.548" endtime="20231119 22:46:38.589"/>
</kw>
<status status="PASS" starttime="20231119 22:46:38.547" endtime="20231119 22:46:38.589"/>
</kw>
<kw name="Submit Credentials">
<kw name="Click Button" library="SeleniumLibrary">
<arg>Register</arg>
<doc>Clicks the button identified by ``locator``.</doc>
<msg timestamp="20231119 22:46:38.589" level="INFO">Clicking button 'Register'.</msg>
<status status="PASS" starttime="20231119 22:46:38.589" endtime="20231119 22:46:38.624"/>
</kw>
<status status="PASS" starttime="20231119 22:46:38.589" endtime="20231119 22:46:38.624"/>
</kw>
<kw name="Register Should Fail With Message">
<arg>Password and password confirmation must match</arg>
<kw name="Register Page Should Be Open" library="resource">
<kw name="Title Should Be" library="SeleniumLibrary">
<arg>Register</arg>
<doc>Verifies that the current page title equals ``title``.</doc>
<msg timestamp="20231119 22:46:38.638" level="INFO">Page title is 'Register'.</msg>
<status status="PASS" starttime="20231119 22:46:38.625" endtime="20231119 22:46:38.638"/>
</kw>
<status status="PASS" starttime="20231119 22:46:38.624" endtime="20231119 22:46:38.638"/>
</kw>
<kw name="Page Should Contain" library="SeleniumLibrary">
<arg>${message}</arg>
<doc>Verifies that current page contains ``text``.</doc>
<msg timestamp="20231119 22:46:38.647" level="INFO">Current page contains text 'Password and password confirmation must match'.</msg>
<status status="PASS" starttime="20231119 22:46:38.638" endtime="20231119 22:46:38.647"/>
</kw>
<status status="PASS" starttime="20231119 22:46:38.624" endtime="20231119 22:46:38.647"/>
</kw>
<status status="PASS" starttime="20231119 22:46:38.456" endtime="20231119 22:46:38.647"/>
</test>
<kw name="Close Browser" library="SeleniumLibrary" type="TEARDOWN">
<doc>Closes the current browser.</doc>
<status status="PASS" starttime="20231119 22:46:38.648" endtime="20231119 22:46:38.704"/>
</kw>
<status status="PASS" starttime="20231119 22:46:37.199" endtime="20231119 22:46:38.704"/>
</suite>
<status status="PASS" starttime="20231119 22:46:35.131" endtime="20231119 22:46:38.705"/>
</suite>
<statistics>
<total>
<stat pass="8" fail="0" skip="0">All Tests</stat>
</total>
<tag>
</tag>
<suite>
<stat pass="8" fail="0" skip="0" id="s1" name="Tests">Tests</stat>
<stat pass="2" fail="0" skip="0" id="s1-s1" name="Home">Tests.Home</stat>
<stat pass="2" fail="0" skip="0" id="s1-s2" name="Login">Tests.Login</stat>
<stat pass="4" fail="0" skip="0" id="s1-s3" name="Register">Tests.Register</stat>
</suite>
</statistics>
<errors>
</errors>
</robot>
