<?xml version="1.0" encoding="UTF-8"?>
<robot generator="Robot 6.1.1 (Python 3.10.12 on linux)" generated="20231116 18:52:58.838" rpa="false" schemaversion="4">
<suite id="s1" name="Tests" source="/home/jasplaur/Documents/ohtu/palautusrepositorio/viikko3/login-robot/src/tests">
<suite id="s1-s1" name="Login" source="/home/jasplaur/Documents/ohtu/palautusrepositorio/viikko3/login-robot/src/tests/login.robot">
<test id="s1-s1-t1" name="Login With Correct Credentials" line="6">
<kw name="Create User And Input Login Command" type="SETUP">
<kw name="Create User" library="AppLibrary">
<arg>kalle</arg>
<arg>kalle123</arg>
<status status="PASS" starttime="20231116 18:52:58.859" endtime="20231116 18:52:58.859"/>
</kw>
<kw name="Input Login Command" library="resource">
<kw name="Input" library="AppLibrary">
<arg>login</arg>
<status status="PASS" starttime="20231116 18:52:58.860" endtime="20231116 18:52:58.860"/>
</kw>
<status status="PASS" starttime="20231116 18:52:58.859" endtime="20231116 18:52:58.860"/>
</kw>
<status status="PASS" starttime="20231116 18:52:58.859" endtime="20231116 18:52:58.860"/>
</kw>
<kw name="Input Credentials" library="resource">
<arg>kalle</arg>
<arg>kalle123</arg>
<kw name="Input" library="AppLibrary">
<arg>${username}</arg>
<status status="PASS" starttime="20231116 18:52:58.860" endtime="20231116 18:52:58.860"/>
</kw>
<kw name="Input" library="AppLibrary">
<arg>${password}</arg>
<status status="PASS" starttime="20231116 18:52:58.860" endtime="20231116 18:52:58.861"/>
</kw>
<kw name="Run Application" library="AppLibrary">
<status status="PASS" starttime="20231116 18:52:58.861" endtime="20231116 18:52:58.861"/>
</kw>
<status status="PASS" starttime="20231116 18:52:58.860" endtime="20231116 18:52:58.861"/>
</kw>
<kw name="Output Should Contain" library="AppLibrary">
<arg>Logged in</arg>
<status status="PASS" starttime="20231116 18:52:58.861" endtime="20231116 18:52:58.861"/>
</kw>
<status status="PASS" starttime="20231116 18:52:58.858" endtime="20231116 18:52:58.861"/>
</test>
<test id="s1-s1-t2" name="Login With Incorrect Password" line="18">
<kw name="Create User And Input Login Command" type="SETUP">
<kw name="Create User" library="AppLibrary">
<arg>kalle</arg>
<arg>kalle123</arg>
<status status="PASS" starttime="20231116 18:52:58.862" endtime="20231116 18:52:58.862"/>
</kw>
<kw name="Input Login Command" library="resource">
<kw name="Input" library="AppLibrary">
<arg>login</arg>
<status status="PASS" starttime="20231116 18:52:58.862" endtime="20231116 18:52:58.862"/>
</kw>
<status status="PASS" starttime="20231116 18:52:58.862" endtime="20231116 18:52:58.862"/>
</kw>
<status status="PASS" starttime="20231116 18:52:58.862" endtime="20231116 18:52:58.862"/>
</kw>
<kw name="Input Credentials" library="resource">
<arg>kalle</arg>
<arg>kalle1234</arg>
<kw name="Input" library="AppLibrary">
<arg>${username}</arg>
<status status="PASS" starttime="20231116 18:52:58.863" endtime="20231116 18:52:58.863"/>
</kw>
<kw name="Input" library="AppLibrary">
<arg>${password}</arg>
<status status="PASS" starttime="20231116 18:52:58.863" endtime="20231116 18:52:58.863"/>
</kw>
<kw name="Run Application" library="AppLibrary">
<status status="PASS" starttime="20231116 18:52:58.863" endtime="20231116 18:52:58.863"/>
</kw>
<status status="PASS" starttime="20231116 18:52:58.862" endtime="20231116 18:52:58.863"/>
</kw>
<kw name="Output Should Contain" library="AppLibrary">
<arg>Invalid username or password</arg>
<status status="PASS" starttime="20231116 18:52:58.863" endtime="20231116 18:52:58.863"/>
</kw>
<status status="PASS" starttime="20231116 18:52:58.861" endtime="20231116 18:52:58.863"/>
</test>
<test id="s1-s1-t3" name="Login With Nonexistent Username" line="23">
<kw name="Create User And Input Login Command" type="SETUP">
<kw name="Create User" library="AppLibrary">
<arg>kalle</arg>
<arg>kalle123</arg>
<status status="PASS" starttime="20231116 18:52:58.864" endtime="20231116 18:52:58.864"/>
</kw>
<kw name="Input Login Command" library="resource">
<kw name="Input" library="AppLibrary">
<arg>login</arg>
<status status="PASS" starttime="20231116 18:52:58.864" endtime="20231116 18:52:58.865"/>
</kw>
<status status="PASS" starttime="20231116 18:52:58.864" endtime="20231116 18:52:58.865"/>
</kw>
<status status="PASS" starttime="20231116 18:52:58.864" endtime="20231116 18:52:58.865"/>
</kw>
<kw name="Input Credentials" library="resource">
<arg>Jasper</arg>
<arg>Laurila</arg>
<kw name="Input" library="AppLibrary">
<arg>${username}</arg>
<status status="PASS" starttime="20231116 18:52:58.865" endtime="20231116 18:52:58.865"/>
</kw>
<kw name="Input" library="AppLibrary">
<arg>${password}</arg>
<status status="PASS" starttime="20231116 18:52:58.865" endtime="20231116 18:52:58.865"/>
</kw>
<kw name="Run Application" library="AppLibrary">
<status status="PASS" starttime="20231116 18:52:58.865" endtime="20231116 18:52:58.865"/>
</kw>
<status status="PASS" starttime="20231116 18:52:58.865" endtime="20231116 18:52:58.866"/>
</kw>
<kw name="Output Should Contain" library="AppLibrary">
<arg>Invalid username or password</arg>
<status status="PASS" starttime="20231116 18:52:58.866" endtime="20231116 18:52:58.866"/>
</kw>
<status status="PASS" starttime="20231116 18:52:58.864" endtime="20231116 18:52:58.866"/>
</test>
<status status="PASS" starttime="20231116 18:52:58.854" endtime="20231116 18:52:58.866"/>
</suite>
<status status="PASS" starttime="20231116 18:52:58.839" endtime="20231116 18:52:58.867"/>
</suite>
<statistics>
<total>
<stat pass="3" fail="0" skip="0">All Tests</stat>
</total>
<tag>
</tag>
<suite>
<stat pass="3" fail="0" skip="0" id="s1" name="Tests">Tests</stat>
<stat pass="3" fail="0" skip="0" id="s1-s1" name="Login">Tests.Login</stat>
</suite>
</statistics>
<errors>
</errors>
</robot>
