<?xml version="1.0" encoding="UTF-8"?>
<robot generator="Robot 6.1.1 (Python 3.10.12 on linux)" generated="20231118 19:03:17.542" rpa="false" schemaversion="4">
<suite id="s1" name="Tests" source="/home/jasplaur/Documents/ohtu/palautusrepositorio/viikko3/login-robot/src/tests">
<suite id="s1-s1" name="Login" source="/home/jasplaur/Documents/ohtu/palautusrepositorio/viikko3/login-robot/src/tests/login.robot">
<test id="s1-s1-t1" name="Login With Correct Credentials" line="6">
<kw name="Create User And Input Login Command" type="SETUP">
<kw name="Create User" library="AppLibrary">
<arg>kalle</arg>
<arg>kalle123</arg>
<status status="PASS" starttime="20231118 19:03:17.559" endtime="20231118 19:03:17.559"/>
</kw>
<kw name="Input Login Command" library="resource">
<kw name="Input" library="AppLibrary">
<arg>login</arg>
<status status="PASS" starttime="20231118 19:03:17.560" endtime="20231118 19:03:17.560"/>
</kw>
<status status="PASS" starttime="20231118 19:03:17.559" endtime="20231118 19:03:17.560"/>
</kw>
<status status="PASS" starttime="20231118 19:03:17.559" endtime="20231118 19:03:17.560"/>
</kw>
<kw name="Input Credentials" library="resource">
<arg>kalle</arg>
<arg>kalle123</arg>
<kw name="Input" library="AppLibrary">
<arg>${username}</arg>
<status status="PASS" starttime="20231118 19:03:17.560" endtime="20231118 19:03:17.560"/>
</kw>
<kw name="Input" library="AppLibrary">
<arg>${password}</arg>
<status status="PASS" starttime="20231118 19:03:17.560" endtime="20231118 19:03:17.561"/>
</kw>
<kw name="Run Application" library="AppLibrary">
<status status="PASS" starttime="20231118 19:03:17.561" endtime="20231118 19:03:17.561"/>
</kw>
<status status="PASS" starttime="20231118 19:03:17.560" endtime="20231118 19:03:17.561"/>
</kw>
<kw name="Output Should Contain" library="AppLibrary">
<arg>Logged in</arg>
<status status="PASS" starttime="20231118 19:03:17.561" endtime="20231118 19:03:17.561"/>
</kw>
<status status="PASS" starttime="20231118 19:03:17.559" endtime="20231118 19:03:17.561"/>
</test>
<test id="s1-s1-t2" name="Login With Incorrect Password" line="17">
<kw name="Create User And Input Login Command" type="SETUP">
<kw name="Create User" library="AppLibrary">
<arg>kalle</arg>
<arg>kalle123</arg>
<status status="PASS" starttime="20231118 19:03:17.562" endtime="20231118 19:03:17.562"/>
</kw>
<kw name="Input Login Command" library="resource">
<kw name="Input" library="AppLibrary">
<arg>login</arg>
<status status="PASS" starttime="20231118 19:03:17.562" endtime="20231118 19:03:17.562"/>
</kw>
<status status="PASS" starttime="20231118 19:03:17.562" endtime="20231118 19:03:17.562"/>
</kw>
<status status="PASS" starttime="20231118 19:03:17.562" endtime="20231118 19:03:17.563"/>
</kw>
<kw name="Input Credentials" library="resource">
<arg>kalle</arg>
<arg>kalle1234</arg>
<kw name="Input" library="AppLibrary">
<arg>${username}</arg>
<status status="PASS" starttime="20231118 19:03:17.563" endtime="20231118 19:03:17.563"/>
</kw>
<kw name="Input" library="AppLibrary">
<arg>${password}</arg>
<status status="PASS" starttime="20231118 19:03:17.563" endtime="20231118 19:03:17.563"/>
</kw>
<kw name="Run Application" library="AppLibrary">
<status status="PASS" starttime="20231118 19:03:17.563" endtime="20231118 19:03:17.563"/>
</kw>
<status status="PASS" starttime="20231118 19:03:17.563" endtime="20231118 19:03:17.563"/>
</kw>
<kw name="Output Should Contain" library="AppLibrary">
<arg>Invalid username or password</arg>
<status status="PASS" starttime="20231118 19:03:17.564" endtime="20231118 19:03:17.564"/>
</kw>
<status status="PASS" starttime="20231118 19:03:17.561" endtime="20231118 19:03:17.564"/>
</test>
<test id="s1-s1-t3" name="Login With Nonexistent Username" line="22">
<kw name="Create User And Input Login Command" type="SETUP">
<kw name="Create User" library="AppLibrary">
<arg>kalle</arg>
<arg>kalle123</arg>
<status status="PASS" starttime="20231118 19:03:17.565" endtime="20231118 19:03:17.565"/>
</kw>
<kw name="Input Login Command" library="resource">
<kw name="Input" library="AppLibrary">
<arg>login</arg>
<status status="PASS" starttime="20231118 19:03:17.565" endtime="20231118 19:03:17.565"/>
</kw>
<status status="PASS" starttime="20231118 19:03:17.565" endtime="20231118 19:03:17.565"/>
</kw>
<status status="PASS" starttime="20231118 19:03:17.564" endtime="20231118 19:03:17.565"/>
</kw>
<kw name="Input Credentials" library="resource">
<arg>Jasper</arg>
<arg>Laurila</arg>
<kw name="Input" library="AppLibrary">
<arg>${username}</arg>
<status status="PASS" starttime="20231118 19:03:17.566" endtime="20231118 19:03:17.566"/>
</kw>
<kw name="Input" library="AppLibrary">
<arg>${password}</arg>
<status status="PASS" starttime="20231118 19:03:17.566" endtime="20231118 19:03:17.566"/>
</kw>
<kw name="Run Application" library="AppLibrary">
<status status="PASS" starttime="20231118 19:03:17.566" endtime="20231118 19:03:17.566"/>
</kw>
<status status="PASS" starttime="20231118 19:03:17.565" endtime="20231118 19:03:17.566"/>
</kw>
<kw name="Output Should Contain" library="AppLibrary">
<arg>Invalid username or password</arg>
<status status="PASS" starttime="20231118 19:03:17.566" endtime="20231118 19:03:17.566"/>
</kw>
<status status="PASS" starttime="20231118 19:03:17.564" endtime="20231118 19:03:17.567"/>
</test>
<status status="PASS" starttime="20231118 19:03:17.555" endtime="20231118 19:03:17.567"/>
</suite>
<suite id="s1-s2" name="Register" source="/home/jasplaur/Documents/ohtu/palautusrepositorio/viikko3/login-robot/src/tests/register.robot">
<test id="s1-s2-t1" name="Register With Valid Username And Password" line="13">
<kw name="Create User And Input Register Command" type="SETUP">
<kw name="Create User" library="AppLibrary">
<arg>kalle</arg>
<arg>kalle123</arg>
<status status="PASS" starttime="20231118 19:03:17.570" endtime="20231118 19:03:17.571"/>
</kw>
<kw name="Input Register Command" library="resource">
<kw name="Input" library="AppLibrary">
<arg>new</arg>
<status status="PASS" starttime="20231118 19:03:17.571" endtime="20231118 19:03:17.571"/>
</kw>
<status status="PASS" starttime="20231118 19:03:17.571" endtime="20231118 19:03:17.571"/>
</kw>
<status status="PASS" starttime="20231118 19:03:17.570" endtime="20231118 19:03:17.571"/>
</kw>
<kw name="Input Credentials" library="resource">
<arg>balle</arg>
<arg>balle123</arg>
<kw name="Input" library="AppLibrary">
<arg>${username}</arg>
<status status="PASS" starttime="20231118 19:03:17.571" endtime="20231118 19:03:17.572"/>
</kw>
<kw name="Input" library="AppLibrary">
<arg>${password}</arg>
<status status="PASS" starttime="20231118 19:03:17.572" endtime="20231118 19:03:17.572"/>
</kw>
<kw name="Run Application" library="AppLibrary">
<status status="PASS" starttime="20231118 19:03:17.572" endtime="20231118 19:03:17.572"/>
</kw>
<status status="PASS" starttime="20231118 19:03:17.571" endtime="20231118 19:03:17.572"/>
</kw>
<kw name="Output Should Contain" library="AppLibrary">
<arg>New user registered</arg>
<status status="PASS" starttime="20231118 19:03:17.572" endtime="20231118 19:03:17.572"/>
</kw>
<status status="PASS" starttime="20231118 19:03:17.570" endtime="20231118 19:03:17.572"/>
</test>
<test id="s1-s2-t2" name="Register With Already Taken Username And Valid Password" line="17">
<kw name="Create User And Input Register Command" type="SETUP">
<kw name="Create User" library="AppLibrary">
<arg>kalle</arg>
<arg>kalle123</arg>
<status status="PASS" starttime="20231118 19:03:17.573" endtime="20231118 19:03:17.573"/>
</kw>
<kw name="Input Register Command" library="resource">
<kw name="Input" library="AppLibrary">
<arg>new</arg>
<status status="PASS" starttime="20231118 19:03:17.574" endtime="20231118 19:03:17.574"/>
</kw>
<status status="PASS" starttime="20231118 19:03:17.573" endtime="20231118 19:03:17.574"/>
</kw>
<status status="PASS" starttime="20231118 19:03:17.573" endtime="20231118 19:03:17.574"/>
</kw>
<kw name="Input Credentials" library="resource">
<arg>kalle</arg>
<arg>kalle123</arg>
<kw name="Input" library="AppLibrary">
<arg>${username}</arg>
<status status="PASS" starttime="20231118 19:03:17.574" endtime="20231118 19:03:17.574"/>
</kw>
<kw name="Input" library="AppLibrary">
<arg>${password}</arg>
<status status="PASS" starttime="20231118 19:03:17.574" endtime="20231118 19:03:17.575"/>
</kw>
<kw name="Run Application" library="AppLibrary">
<status status="PASS" starttime="20231118 19:03:17.575" endtime="20231118 19:03:17.575"/>
</kw>
<status status="PASS" starttime="20231118 19:03:17.574" endtime="20231118 19:03:17.575"/>
</kw>
<kw name="Output Should Contain" library="AppLibrary">
<arg>User with username kalle already exists</arg>
<status status="PASS" starttime="20231118 19:03:17.575" endtime="20231118 19:03:17.575"/>
</kw>
<status status="PASS" starttime="20231118 19:03:17.573" endtime="20231118 19:03:17.575"/>
</test>
<test id="s1-s2-t3" name="Register With Too Short Username And Valid Password" line="21">
<kw name="Create User And Input Register Command" type="SETUP">
<kw name="Create User" library="AppLibrary">
<arg>kalle</arg>
<arg>kalle123</arg>
<status status="PASS" starttime="20231118 19:03:17.576" endtime="20231118 19:03:17.576"/>
</kw>
<kw name="Input Register Command" library="resource">
<kw name="Input" library="AppLibrary">
<arg>new</arg>
<status status="PASS" starttime="20231118 19:03:17.576" endtime="20231118 19:03:17.576"/>
</kw>
<status status="PASS" starttime="20231118 19:03:17.576" endtime="20231118 19:03:17.577"/>
</kw>
<status status="PASS" starttime="20231118 19:03:17.576" endtime="20231118 19:03:17.577"/>
</kw>
<kw name="Input Credentials" library="resource">
<arg>a</arg>
<arg>kalle123</arg>
<kw name="Input" library="AppLibrary">
<arg>${username}</arg>
<status status="PASS" starttime="20231118 19:03:17.577" endtime="20231118 19:03:17.577"/>
</kw>
<kw name="Input" library="AppLibrary">
<arg>${password}</arg>
<status status="PASS" starttime="20231118 19:03:17.577" endtime="20231118 19:03:17.577"/>
</kw>
<kw name="Run Application" library="AppLibrary">
<status status="PASS" starttime="20231118 19:03:17.577" endtime="20231118 19:03:17.577"/>
</kw>
<status status="PASS" starttime="20231118 19:03:17.577" endtime="20231118 19:03:17.577"/>
</kw>
<kw name="Output Should Contain" library="AppLibrary">
<arg>Username shorter than 3</arg>
<status status="PASS" starttime="20231118 19:03:17.578" endtime="20231118 19:03:17.578"/>
</kw>
<status status="PASS" starttime="20231118 19:03:17.575" endtime="20231118 19:03:17.578"/>
</test>
<test id="s1-s2-t4" name="Register With Enough Long But Invalid Username And Valid Password" line="25">
<kw name="Create User And Input Register Command" type="SETUP">
<kw name="Create User" library="AppLibrary">
<arg>kalle</arg>
<arg>kalle123</arg>
<status status="PASS" starttime="20231118 19:03:17.579" endtime="20231118 19:03:17.579"/>
</kw>
<kw name="Input Register Command" library="resource">
<kw name="Input" library="AppLibrary">
<arg>new</arg>
<status status="PASS" starttime="20231118 19:03:17.579" endtime="20231118 19:03:17.579"/>
</kw>
<status status="PASS" starttime="20231118 19:03:17.579" endtime="20231118 19:03:17.579"/>
</kw>
<status status="PASS" starttime="20231118 19:03:17.578" endtime="20231118 19:03:17.579"/>
</kw>
<kw name="Input Credentials" library="resource">
<arg>ääää</arg>
<arg>kalle123</arg>
<kw name="Input" library="AppLibrary">
<arg>${username}</arg>
<status status="PASS" starttime="20231118 19:03:17.580" endtime="20231118 19:03:17.580"/>
</kw>
<kw name="Input" library="AppLibrary">
<arg>${password}</arg>
<status status="PASS" starttime="20231118 19:03:17.580" endtime="20231118 19:03:17.580"/>
</kw>
<kw name="Run Application" library="AppLibrary">
<status status="PASS" starttime="20231118 19:03:17.580" endtime="20231118 19:03:17.580"/>
</kw>
<status status="PASS" starttime="20231118 19:03:17.579" endtime="20231118 19:03:17.580"/>
</kw>
<kw name="Output Should Contain" library="AppLibrary">
<arg>Username contains invalid characters</arg>
<status status="PASS" starttime="20231118 19:03:17.580" endtime="20231118 19:03:17.580"/>
</kw>
<status status="PASS" starttime="20231118 19:03:17.578" endtime="20231118 19:03:17.580"/>
</test>
<test id="s1-s2-t5" name="Register With Valid Username And Too Short Password" line="29">
<kw name="Create User And Input Register Command" type="SETUP">
<kw name="Create User" library="AppLibrary">
<arg>kalle</arg>
<arg>kalle123</arg>
<status status="PASS" starttime="20231118 19:03:17.581" endtime="20231118 19:03:17.582"/>
</kw>
<kw name="Input Register Command" library="resource">
<kw name="Input" library="AppLibrary">
<arg>new</arg>
<status status="PASS" starttime="20231118 19:03:17.582" endtime="20231118 19:03:17.582"/>
</kw>
<status status="PASS" starttime="20231118 19:03:17.582" endtime="20231118 19:03:17.582"/>
</kw>
<status status="PASS" starttime="20231118 19:03:17.581" endtime="20231118 19:03:17.582"/>
</kw>
<kw name="Input Credentials" library="resource">
<arg>balle</arg>
<arg>balle12</arg>
<kw name="Input" library="AppLibrary">
<arg>${username}</arg>
<status status="PASS" starttime="20231118 19:03:17.582" endtime="20231118 19:03:17.583"/>
</kw>
<kw name="Input" library="AppLibrary">
<arg>${password}</arg>
<status status="PASS" starttime="20231118 19:03:17.583" endtime="20231118 19:03:17.583"/>
</kw>
<kw name="Run Application" library="AppLibrary">
<status status="PASS" starttime="20231118 19:03:17.583" endtime="20231118 19:03:17.583"/>
</kw>
<status status="PASS" starttime="20231118 19:03:17.582" endtime="20231118 19:03:17.583"/>
</kw>
<kw name="Output Should Contain" library="AppLibrary">
<arg>Password too short</arg>
<status status="PASS" starttime="20231118 19:03:17.583" endtime="20231118 19:03:17.583"/>
</kw>
<status status="PASS" starttime="20231118 19:03:17.581" endtime="20231118 19:03:17.583"/>
</test>
<test id="s1-s2-t6" name="Register With Valid Username And Long Enough Password Containing Only Letters" line="33">
<kw name="Create User And Input Register Command" type="SETUP">
<kw name="Create User" library="AppLibrary">
<arg>kalle</arg>
<arg>kalle123</arg>
<status status="PASS" starttime="20231118 19:03:17.585" endtime="20231118 19:03:17.585"/>
</kw>
<kw name="Input Register Command" library="resource">
<kw name="Input" library="AppLibrary">
<arg>new</arg>
<status status="PASS" starttime="20231118 19:03:17.585" endtime="20231118 19:03:17.585"/>
</kw>
<status status="PASS" starttime="20231118 19:03:17.585" endtime="20231118 19:03:17.585"/>
</kw>
<status status="PASS" starttime="20231118 19:03:17.584" endtime="20231118 19:03:17.585"/>
</kw>
<kw name="Input Credentials" library="resource">
<arg>balle</arg>
<arg>BALLEBALLE</arg>
<kw name="Input" library="AppLibrary">
<arg>${username}</arg>
<status status="PASS" starttime="20231118 19:03:17.586" endtime="20231118 19:03:17.586"/>
</kw>
<kw name="Input" library="AppLibrary">
<arg>${password}</arg>
<status status="PASS" starttime="20231118 19:03:17.586" endtime="20231118 19:03:17.586"/>
</kw>
<kw name="Run Application" library="AppLibrary">
<status status="PASS" starttime="20231118 19:03:17.586" endtime="20231118 19:03:17.586"/>
</kw>
<status status="PASS" starttime="20231118 19:03:17.586" endtime="20231118 19:03:17.586"/>
</kw>
<kw name="Output Should Contain" library="AppLibrary">
<arg>Password consists of only letters</arg>
<status status="PASS" starttime="20231118 19:03:17.586" endtime="20231118 19:03:17.587"/>
</kw>
<status status="PASS" starttime="20231118 19:03:17.584" endtime="20231118 19:03:17.587"/>
</test>
<status status="PASS" starttime="20231118 19:03:17.567" endtime="20231118 19:03:17.587"/>
</suite>
<status status="PASS" starttime="20231118 19:03:17.543" endtime="20231118 19:03:17.587"/>
</suite>
<statistics>
<total>
<stat pass="9" fail="0" skip="0">All Tests</stat>
</total>
<tag>
</tag>
<suite>
<stat pass="9" fail="0" skip="0" id="s1" name="Tests">Tests</stat>
<stat pass="3" fail="0" skip="0" id="s1-s1" name="Login">Tests.Login</stat>
<stat pass="6" fail="0" skip="0" id="s1-s2" name="Register">Tests.Register</stat>
</suite>
</statistics>
<errors>
</errors>
</robot>
